

Started GET "/" for 86.9.202.223 at 2016-02-24 09:33:21 -0500
  [1m[36mActiveRecord::SchemaMigration Load (0.1ms)[0m  [1mSELECT "schema_migrations".* FROM "schema_migrations"[0m
Processing by PagesController#home as HTML
  Rendered pages/home.html.erb within layouts/application (2.1ms)
Completed 200 OK in 948ms (Views: 937.8ms | ActiveRecord: 0.0ms)


Started GET "/assets/signups.css?body=1" for 86.9.202.223 at 2016-02-24 09:33:23 -0500


Started GET "/assets/pages.css?body=1" for 86.9.202.223 at 2016-02-24 09:33:23 -0500


Started GET "/assets/slidebars.css?body=1" for 86.9.202.223 at 2016-02-24 09:33:23 -0500


Started GET "/assets/application.css?body=1" for 86.9.202.223 at 2016-02-24 09:33:23 -0500


Started GET "/assets/jquery.js?body=1" for 86.9.202.223 at 2016-02-24 09:33:23 -0500


Started GET "/assets/jquery_ujs.js?body=1" for 86.9.202.223 at 2016-02-24 09:33:23 -0500


Started GET "/assets/turbolinks.js?body=1" for 86.9.202.223 at 2016-02-24 09:33:23 -0500


Started GET "/assets/pages.js?body=1" for 86.9.202.223 at 2016-02-24 09:33:23 -0500


Started GET "/assets/signups.js?body=1" for 86.9.202.223 at 2016-02-24 09:33:23 -0500


Started GET "/assets/slidebars.js?body=1" for 86.9.202.223 at 2016-02-24 09:33:23 -0500


Started GET "/assets/application.js?body=1" for 86.9.202.223 at 2016-02-24 09:33:23 -0500


Started GET "/about" for 86.9.202.223 at 2016-02-24 09:33:28 -0500
Processing by PagesController#about as HTML
  Rendered pages/about.html.erb within layouts/application (0.8ms)
Completed 200 OK in 78ms (Views: 77.6ms | ActiveRecord: 0.0ms)


Started GET "/assets/jquery.js?body=1" for 86.9.202.223 at 2016-02-24 09:33:28 -0500


Started GET "/assets/turbolinks.js?body=1" for 86.9.202.223 at 2016-02-24 09:33:28 -0500


Started GET "/assets/signups.js?body=1" for 86.9.202.223 at 2016-02-24 09:33:28 -0500


Started GET "/assets/slidebars.js?body=1" for 86.9.202.223 at 2016-02-24 09:33:28 -0500


Started GET "/assets/jquery_ujs.js?body=1" for 86.9.202.223 at 2016-02-24 09:33:28 -0500


Started GET "/assets/pages.js?body=1" for 86.9.202.223 at 2016-02-24 09:33:28 -0500


Started GET "/assets/application.js?body=1" for 86.9.202.223 at 2016-02-24 09:33:28 -0500


Started GET "/signups/new" for 86.9.202.223 at 2016-02-24 09:33:32 -0500
Processing by SignupsController#new as HTML
  Rendered signups/new.html.erb within layouts/application (24.8ms)
Completed 200 OK in 93ms (Views: 88.0ms | ActiveRecord: 0.7ms)


Started GET "/assets/jquery.js?body=1" for 86.9.202.223 at 2016-02-24 09:33:32 -0500


Started GET "/assets/pages.js?body=1" for 86.9.202.223 at 2016-02-24 09:33:32 -0500


Started GET "/assets/jquery_ujs.js?body=1" for 86.9.202.223 at 2016-02-24 09:33:32 -0500


Started GET "/assets/turbolinks.js?body=1" for 86.9.202.223 at 2016-02-24 09:33:32 -0500


Started GET "/assets/slidebars.js?body=1" for 86.9.202.223 at 2016-02-24 09:33:32 -0500


Started GET "/assets/signups.js?body=1" for 86.9.202.223 at 2016-02-24 09:33:32 -0500


Started GET "/assets/application.js?body=1" for 86.9.202.223 at 2016-02-24 09:33:32 -0500


Started GET "/signups/new" for 86.9.202.223 at 2016-02-24 09:33:36 -0500
Processing by SignupsController#new as HTML
  Rendered signups/new.html.erb within layouts/application (2.1ms)
Completed 200 OK in 64ms (Views: 62.9ms | ActiveRecord: 0.0ms)


Started GET "/assets/pages.css?body=1" for 86.9.202.223 at 2016-02-24 09:33:36 -0500


Started GET "/assets/application.css?body=1" for 86.9.202.223 at 2016-02-24 09:33:36 -0500


Started GET "/assets/signups.css?body=1" for 86.9.202.223 at 2016-02-24 09:33:36 -0500


Started GET "/assets/jquery_ujs.js?body=1" for 86.9.202.223 at 2016-02-24 09:33:36 -0500


Started GET "/assets/slidebars.css?body=1" for 86.9.202.223 at 2016-02-24 09:33:36 -0500


Started GET "/assets/jquery.js?body=1" for 86.9.202.223 at 2016-02-24 09:33:36 -0500


Started GET "/assets/turbolinks.js?body=1" for 86.9.202.223 at 2016-02-24 09:33:37 -0500


Started GET "/assets/pages.js?body=1" for 86.9.202.223 at 2016-02-24 09:33:37 -0500


Started GET "/assets/slidebars.js?body=1" for 86.9.202.223 at 2016-02-24 09:33:37 -0500


Started GET "/assets/signups.js?body=1" for 86.9.202.223 at 2016-02-24 09:33:37 -0500


Started GET "/assets/application.js?body=1" for 86.9.202.223 at 2016-02-24 09:33:37 -0500


Started GET "/signups/new" for 86.9.202.223 at 2016-02-24 09:38:11 -0500
Processing by SignupsController#new as HTML
  Rendered signups/new.html.erb within layouts/application (2.4ms)
Completed 200 OK in 63ms (Views: 61.9ms | ActiveRecord: 0.0ms)


Started GET "/assets/pages.css?body=1" for 86.9.202.223 at 2016-02-24 09:38:11 -0500


Started GET "/assets/slidebars.css?body=1" for 86.9.202.223 at 2016-02-24 09:38:11 -0500


Started GET "/assets/signups.css?body=1" for 86.9.202.223 at 2016-02-24 09:38:11 -0500


Started GET "/assets/jquery.js?body=1" for 86.9.202.223 at 2016-02-24 09:38:11 -0500


Started GET "/assets/application.css?body=1" for 86.9.202.223 at 2016-02-24 09:38:11 -0500


Started GET "/assets/jquery_ujs.js?body=1" for 86.9.202.223 at 2016-02-24 09:38:11 -0500


Started GET "/assets/turbolinks.js?body=1" for 86.9.202.223 at 2016-02-24 09:38:12 -0500


Started GET "/assets/signups.js?body=1" for 86.9.202.223 at 2016-02-24 09:38:12 -0500


Started GET "/assets/pages.js?body=1" for 86.9.202.223 at 2016-02-24 09:38:12 -0500


Started GET "/assets/slidebars.js?body=1" for 86.9.202.223 at 2016-02-24 09:38:12 -0500


Started GET "/assets/application.js?body=1" for 86.9.202.223 at 2016-02-24 09:38:12 -0500


Started GET "/signups/new" for 86.9.202.223 at 2016-02-24 09:38:16 -0500
Processing by SignupsController#new as HTML
  Rendered signups/new.html.erb within layouts/application (1.8ms)
Completed 200 OK in 80ms (Views: 79.4ms | ActiveRecord: 0.0ms)


Started GET "/assets/pages.css?body=1" for 86.9.202.223 at 2016-02-24 09:38:16 -0500


Started GET "/assets/application.css?body=1" for 86.9.202.223 at 2016-02-24 09:38:16 -0500


Started GET "/assets/slidebars.css?body=1" for 86.9.202.223 at 2016-02-24 09:38:16 -0500


Started GET "/assets/jquery.js?body=1" for 86.9.202.223 at 2016-02-24 09:38:16 -0500


Started GET "/assets/jquery_ujs.js?body=1" for 86.9.202.223 at 2016-02-24 09:38:16 -0500


Started GET "/assets/signups.css?body=1" for 86.9.202.223 at 2016-02-24 09:38:16 -0500


Started GET "/assets/turbolinks.js?body=1" for 86.9.202.223 at 2016-02-24 09:38:16 -0500


Started GET "/assets/pages.js?body=1" for 86.9.202.223 at 2016-02-24 09:38:16 -0500


Started GET "/assets/signups.js?body=1" for 86.9.202.223 at 2016-02-24 09:38:16 -0500


Started GET "/assets/slidebars.js?body=1" for 86.9.202.223 at 2016-02-24 09:38:16 -0500


Started GET "/assets/application.js?body=1" for 86.9.202.223 at 2016-02-24 09:38:16 -0500


Started GET "/signups/new" for 86.9.202.223 at 2016-02-24 09:40:23 -0500
Processing by SignupsController#new as HTML
  Rendered signups/new.html.erb within layouts/application (1.9ms)
Completed 200 OK in 50ms (Views: 49.0ms | ActiveRecord: 0.0ms)


Started GET "/assets/pages.css?body=1" for 86.9.202.223 at 2016-02-24 09:40:23 -0500


Started GET "/assets/signups.css?body=1" for 86.9.202.223 at 2016-02-24 09:40:23 -0500


Started GET "/assets/application.css?body=1" for 86.9.202.223 at 2016-02-24 09:40:23 -0500


Started GET "/assets/slidebars.css?body=1" for 86.9.202.223 at 2016-02-24 09:40:23 -0500


Started GET "/assets/jquery.js?body=1" for 86.9.202.223 at 2016-02-24 09:40:23 -0500


Started GET "/assets/jquery_ujs.js?body=1" for 86.9.202.223 at 2016-02-24 09:40:23 -0500


Started GET "/assets/turbolinks.js?body=1" for 86.9.202.223 at 2016-02-24 09:40:23 -0500


Started GET "/assets/pages.js?body=1" for 86.9.202.223 at 2016-02-24 09:40:23 -0500


Started GET "/assets/slidebars.js?body=1" for 86.9.202.223 at 2016-02-24 09:40:23 -0500


Started GET "/assets/signups.js?body=1" for 86.9.202.223 at 2016-02-24 09:40:23 -0500


Started GET "/assets/application.js?body=1" for 86.9.202.223 at 2016-02-24 09:40:23 -0500


Started GET "/signups/new" for 86.9.202.223 at 2016-02-24 09:41:12 -0500
Processing by SignupsController#new as HTML
  Rendered signups/new.html.erb within layouts/application (6.0ms)
Completed 200 OK in 57ms (Views: 52.8ms | ActiveRecord: 0.8ms)


Started GET "/assets/pages.css?body=1" for 86.9.202.223 at 2016-02-24 09:41:12 -0500


Started GET "/assets/signups.css?body=1" for 86.9.202.223 at 2016-02-24 09:41:12 -0500


Started GET "/assets/application.css?body=1" for 86.9.202.223 at 2016-02-24 09:41:12 -0500


Started GET "/assets/jquery.js?body=1" for 86.9.202.223 at 2016-02-24 09:41:12 -0500


Started GET "/assets/jquery_ujs.js?body=1" for 86.9.202.223 at 2016-02-24 09:41:12 -0500


Started GET "/assets/slidebars.css?body=1" for 86.9.202.223 at 2016-02-24 09:41:12 -0500


Started GET "/assets/turbolinks.js?body=1" for 86.9.202.223 at 2016-02-24 09:41:12 -0500


Started GET "/assets/pages.js?body=1" for 86.9.202.223 at 2016-02-24 09:41:12 -0500


Started GET "/assets/signups.js?body=1" for 86.9.202.223 at 2016-02-24 09:41:12 -0500


Started GET "/assets/slidebars.js?body=1" for 86.9.202.223 at 2016-02-24 09:41:12 -0500


Started GET "/assets/application.js?body=1" for 86.9.202.223 at 2016-02-24 09:41:12 -0500


Started GET "/signups/new" for 86.9.202.223 at 2016-02-24 09:41:39 -0500
Processing by SignupsController#new as HTML
  Rendered signups/new.html.erb within layouts/application (7.3ms)
Completed 200 OK in 93ms (Views: 90.2ms | ActiveRecord: 0.8ms)


Started GET "/assets/signups.css?body=1" for 86.9.202.223 at 2016-02-24 09:41:39 -0500


Started GET "/assets/slidebars.css?body=1" for 86.9.202.223 at 2016-02-24 09:41:39 -0500


Started GET "/assets/jquery.js?body=1" for 86.9.202.223 at 2016-02-24 09:41:39 -0500


Started GET "/assets/jquery_ujs.js?body=1" for 86.9.202.223 at 2016-02-24 09:41:39 -0500


Started GET "/assets/application.css?body=1" for 86.9.202.223 at 2016-02-24 09:41:39 -0500


Started GET "/assets/pages.css?body=1" for 86.9.202.223 at 2016-02-24 09:41:39 -0500


Started GET "/assets/turbolinks.js?body=1" for 86.9.202.223 at 2016-02-24 09:41:40 -0500


Started GET "/assets/pages.js?body=1" for 86.9.202.223 at 2016-02-24 09:41:40 -0500


Started GET "/assets/signups.js?body=1" for 86.9.202.223 at 2016-02-24 09:41:40 -0500


Started GET "/assets/slidebars.js?body=1" for 86.9.202.223 at 2016-02-24 09:41:40 -0500


Started GET "/assets/application.js?body=1" for 86.9.202.223 at 2016-02-24 09:41:40 -0500


Started GET "/signups/new" for 86.9.202.223 at 2016-02-24 09:43:45 -0500
Processing by SignupsController#new as HTML
  Rendered signups/new.html.erb within layouts/application (5.8ms)
Completed 200 OK in 69ms (Views: 65.0ms | ActiveRecord: 0.7ms)


Started GET "/assets/pages.css?body=1" for 86.9.202.223 at 2016-02-24 09:43:46 -0500


Started GET "/assets/signups.css?body=1" for 86.9.202.223 at 2016-02-24 09:43:46 -0500


Started GET "/assets/slidebars.css?body=1" for 86.9.202.223 at 2016-02-24 09:43:46 -0500


Started GET "/assets/jquery_ujs.js?body=1" for 86.9.202.223 at 2016-02-24 09:43:46 -0500


Started GET "/assets/application.css?body=1" for 86.9.202.223 at 2016-02-24 09:43:46 -0500


Started GET "/assets/jquery.js?body=1" for 86.9.202.223 at 2016-02-24 09:43:46 -0500


Started GET "/assets/turbolinks.js?body=1" for 86.9.202.223 at 2016-02-24 09:43:46 -0500


Started GET "/assets/pages.js?body=1" for 86.9.202.223 at 2016-02-24 09:43:46 -0500


Started GET "/assets/signups.js?body=1" for 86.9.202.223 at 2016-02-24 09:43:46 -0500


Started GET "/assets/application.js?body=1" for 86.9.202.223 at 2016-02-24 09:43:46 -0500


Started GET "/assets/slidebars.js?body=1" for 86.9.202.223 at 2016-02-24 09:43:46 -0500


Started GET "/signups/new" for 86.9.202.223 at 2016-02-24 09:45:00 -0500

SyntaxError (/home/ccuser/workspace/learn-rails_stories/stories/app/controllers/signups_controller.rb:18: syntax error, unexpected end-of-input, expecting keyword_end):
  activesupport (4.1.1) lib/active_support/dependencies.rb:443:in `load'
  activesupport (4.1.1) lib/active_support/dependencies.rb:443:in `block in load_file'
  activesupport (4.1.1) lib/active_support/dependencies.rb:633:in `new_constants_in'
  activesupport (4.1.1) lib/active_support/dependencies.rb:442:in `load_file'
  activesupport (4.1.1) lib/active_support/dependencies.rb:342:in `require_or_load'
  activesupport (4.1.1) lib/active_support/dependencies.rb:480:in `load_missing_constant'
  activesupport (4.1.1) lib/active_support/dependencies.rb:180:in `const_missing'
  activesupport (4.1.1) lib/active_support/inflector/methods.rb:238:in `const_get'
  activesupport (4.1.1) lib/active_support/inflector/methods.rb:238:in `block in constantize'
  activesupport (4.1.1) lib/active_support/inflector/methods.rb:236:in `each'
  activesupport (4.1.1) lib/active_support/inflector/methods.rb:236:in `inject'
  activesupport (4.1.1) lib/active_support/inflector/methods.rb:236:in `constantize'
  activesupport (4.1.1) lib/active_support/dependencies.rb:552:in `get'
  activesupport (4.1.1) lib/active_support/dependencies.rb:583:in `constantize'
  actionpack (4.1.1) lib/action_dispatch/routing/route_set.rb:76:in `controller_reference'
  actionpack (4.1.1) lib/action_dispatch/routing/route_set.rb:66:in `controller'
  actionpack (4.1.1) lib/action_dispatch/routing/route_set.rb:44:in `call'
  actionpack (4.1.1) lib/action_dispatch/journey/router.rb:71:in `block in call'
  actionpack (4.1.1) lib/action_dispatch/journey/router.rb:59:in `each'
  actionpack (4.1.1) lib/action_dispatch/journey/router.rb:59:in `call'
  actionpack (4.1.1) lib/action_dispatch/routing/route_set.rb:676:in `call'
  rack (1.5.5) lib/rack/etag.rb:23:in `call'
  rack (1.5.5) lib/rack/conditionalget.rb:25:in `call'
  rack (1.5.5) lib/rack/head.rb:11:in `call'
  actionpack (4.1.1) lib/action_dispatch/middleware/params_parser.rb:27:in `call'
  actionpack (4.1.1) lib/action_dispatch/middleware/flash.rb:254:in `call'
  rack (1.5.5) lib/rack/session/abstract/id.rb:225:in `context'
  rack (1.5.5) lib/rack/session/abstract/id.rb:220:in `call'
  actionpack (4.1.1) lib/action_dispatch/middleware/cookies.rb:560:in `call'
  activerecord (4.1.1) lib/active_record/query_cache.rb:36:in `call'
  activerecord (4.1.1) lib/active_record/connection_adapters/abstract/connection_pool.rb:621:in `call'
  activerecord (4.1.1) lib/active_record/migration.rb:380:in `call'
  actionpack (4.1.1) lib/action_dispatch/middleware/callbacks.rb:29:in `block in call'
  activesupport (4.1.1) lib/active_support/callbacks.rb:82:in `run_callbacks'
  actionpack (4.1.1) lib/action_dispatch/middleware/callbacks.rb:27:in `call'
  actionpack (4.1.1) lib/action_dispatch/middleware/reloader.rb:73:in `call'
  actionpack (4.1.1) lib/action_dispatch/middleware/remote_ip.rb:76:in `call'
  actionpack (4.1.1) lib/action_dispatch/middleware/debug_exceptions.rb:17:in `call'
  actionpack (4.1.1) lib/action_dispatch/middleware/show_exceptions.rb:30:in `call'
  railties (4.1.1) lib/rails/rack/logger.rb:38:in `call_app'
  railties (4.1.1) lib/rails/rack/logger.rb:20:in `block in call'
  activesupport (4.1.1) lib/active_support/tagged_logging.rb:68:in `block in tagged'
  activesupport (4.1.1) lib/active_support/tagged_logging.rb:26:in `tagged'
  activesupport (4.1.1) lib/active_support/tagged_logging.rb:68:in `tagged'
  railties (4.1.1) lib/rails/rack/logger.rb:20:in `call'
  actionpack (4.1.1) lib/action_dispatch/middleware/request_id.rb:21:in `call'
  rack (1.5.5) lib/rack/methodoverride.rb:21:in `call'
  rack (1.5.5) lib/rack/runtime.rb:17:in `call'
  activesupport (4.1.1) lib/active_support/cache/strategy/local_cache_middleware.rb:26:in `call'
  rack (1.5.5) lib/rack/lock.rb:17:in `call'
  actionpack (4.1.1) lib/action_dispatch/middleware/static.rb:64:in `call'
  rack (1.5.5) lib/rack/sendfile.rb:112:in `call'
  railties (4.1.1) lib/rails/engine.rb:514:in `call'
  railties (4.1.1) lib/rails/application.rb:144:in `call'
  rack (1.5.5) lib/rack/lock.rb:17:in `call'
  rack (1.5.5) lib/rack/content_length.rb:14:in `call'
  rack (1.5.5) lib/rack/handler/webrick.rb:60:in `service'
  /usr/lib/ruby/2.0.0/webrick/httpserver.rb:138:in `service'
  /usr/lib/ruby/2.0.0/webrick/httpserver.rb:94:in `run'
  /usr/lib/ruby/2.0.0/webrick/server.rb:295:in `block in start_thread'


  Rendered /home/ccuser/.gem/ruby/2.0.0/gems/actionpack-4.1.1/lib/action_dispatch/middleware/templates/rescues/_source.erb (0.5ms)
  Rendered /home/ccuser/.gem/ruby/2.0.0/gems/actionpack-4.1.1/lib/action_dispatch/middleware/templates/rescues/_trace.html.erb (1.0ms)
  Rendered /home/ccuser/.gem/ruby/2.0.0/gems/actionpack-4.1.1/lib/action_dispatch/middleware/templates/rescues/_request_and_response.html.erb (1.1ms)
  Rendered /home/ccuser/.gem/ruby/2.0.0/gems/actionpack-4.1.1/lib/action_dispatch/middleware/templates/rescues/diagnostics.erb within rescues/layout (16.3ms)


Started GET "/signups/new" for 86.9.202.223 at 2016-02-24 09:46:29 -0500

SyntaxError (/home/ccuser/workspace/learn-rails_stories/stories/app/controllers/signups_controller.rb:21: syntax error, unexpected end-of-input, expecting keyword_end):
  activesupport (4.1.1) lib/active_support/dependencies.rb:443:in `load'
  activesupport (4.1.1) lib/active_support/dependencies.rb:443:in `block in load_file'
  activesupport (4.1.1) lib/active_support/dependencies.rb:633:in `new_constants_in'
  activesupport (4.1.1) lib/active_support/dependencies.rb:442:in `load_file'
  activesupport (4.1.1) lib/active_support/dependencies.rb:342:in `require_or_load'
  activesupport (4.1.1) lib/active_support/dependencies.rb:480:in `load_missing_constant'
  activesupport (4.1.1) lib/active_support/dependencies.rb:180:in `const_missing'
  activesupport (4.1.1) lib/active_support/inflector/methods.rb:238:in `const_get'
  activesupport (4.1.1) lib/active_support/inflector/methods.rb:238:in `block in constantize'
  activesupport (4.1.1) lib/active_support/inflector/methods.rb:236:in `each'
  activesupport (4.1.1) lib/active_support/inflector/methods.rb:236:in `inject'
  activesupport (4.1.1) lib/active_support/inflector/methods.rb:236:in `constantize'
  activesupport (4.1.1) lib/active_support/dependencies.rb:552:in `get'
  activesupport (4.1.1) lib/active_support/dependencies.rb:583:in `constantize'
  actionpack (4.1.1) lib/action_dispatch/routing/route_set.rb:76:in `controller_reference'
  actionpack (4.1.1) lib/action_dispatch/routing/route_set.rb:66:in `controller'
  actionpack (4.1.1) lib/action_dispatch/routing/route_set.rb:44:in `call'
  actionpack (4.1.1) lib/action_dispatch/journey/router.rb:71:in `block in call'
  actionpack (4.1.1) lib/action_dispatch/journey/router.rb:59:in `each'
  actionpack (4.1.1) lib/action_dispatch/journey/router.rb:59:in `call'
  actionpack (4.1.1) lib/action_dispatch/routing/route_set.rb:676:in `call'
  rack (1.5.5) lib/rack/etag.rb:23:in `call'
  rack (1.5.5) lib/rack/conditionalget.rb:25:in `call'
  rack (1.5.5) lib/rack/head.rb:11:in `call'
  actionpack (4.1.1) lib/action_dispatch/middleware/params_parser.rb:27:in `call'
  actionpack (4.1.1) lib/action_dispatch/middleware/flash.rb:254:in `call'
  rack (1.5.5) lib/rack/session/abstract/id.rb:225:in `context'
  rack (1.5.5) lib/rack/session/abstract/id.rb:220:in `call'
  actionpack (4.1.1) lib/action_dispatch/middleware/cookies.rb:560:in `call'
  activerecord (4.1.1) lib/active_record/query_cache.rb:36:in `call'
  activerecord (4.1.1) lib/active_record/connection_adapters/abstract/connection_pool.rb:621:in `call'
  activerecord (4.1.1) lib/active_record/migration.rb:380:in `call'
  actionpack (4.1.1) lib/action_dispatch/middleware/callbacks.rb:29:in `block in call'
  activesupport (4.1.1) lib/active_support/callbacks.rb:82:in `run_callbacks'
  actionpack (4.1.1) lib/action_dispatch/middleware/callbacks.rb:27:in `call'
  actionpack (4.1.1) lib/action_dispatch/middleware/reloader.rb:73:in `call'
  actionpack (4.1.1) lib/action_dispatch/middleware/remote_ip.rb:76:in `call'
  actionpack (4.1.1) lib/action_dispatch/middleware/debug_exceptions.rb:17:in `call'
  actionpack (4.1.1) lib/action_dispatch/middleware/show_exceptions.rb:30:in `call'
  railties (4.1.1) lib/rails/rack/logger.rb:38:in `call_app'
  railties (4.1.1) lib/rails/rack/logger.rb:20:in `block in call'
  activesupport (4.1.1) lib/active_support/tagged_logging.rb:68:in `block in tagged'
  activesupport (4.1.1) lib/active_support/tagged_logging.rb:26:in `tagged'
  activesupport (4.1.1) lib/active_support/tagged_logging.rb:68:in `tagged'
  railties (4.1.1) lib/rails/rack/logger.rb:20:in `call'
  actionpack (4.1.1) lib/action_dispatch/middleware/request_id.rb:21:in `call'
  rack (1.5.5) lib/rack/methodoverride.rb:21:in `call'
  rack (1.5.5) lib/rack/runtime.rb:17:in `call'
  activesupport (4.1.1) lib/active_support/cache/strategy/local_cache_middleware.rb:26:in `call'
  rack (1.5.5) lib/rack/lock.rb:17:in `call'
  actionpack (4.1.1) lib/action_dispatch/middleware/static.rb:64:in `call'
  rack (1.5.5) lib/rack/sendfile.rb:112:in `call'
  railties (4.1.1) lib/rails/engine.rb:514:in `call'
  railties (4.1.1) lib/rails/application.rb:144:in `call'
  rack (1.5.5) lib/rack/lock.rb:17:in `call'
  rack (1.5.5) lib/rack/content_length.rb:14:in `call'
  rack (1.5.5) lib/rack/handler/webrick.rb:60:in `service'
  /usr/lib/ruby/2.0.0/webrick/httpserver.rb:138:in `service'
  /usr/lib/ruby/2.0.0/webrick/httpserver.rb:94:in `run'
  /usr/lib/ruby/2.0.0/webrick/server.rb:295:in `block in start_thread'


  Rendered /home/ccuser/.gem/ruby/2.0.0/gems/actionpack-4.1.1/lib/action_dispatch/middleware/templates/rescues/_source.erb (0.5ms)
  Rendered /home/ccuser/.gem/ruby/2.0.0/gems/actionpack-4.1.1/lib/action_dispatch/middleware/templates/rescues/_trace.html.erb (0.9ms)
  Rendered /home/ccuser/.gem/ruby/2.0.0/gems/actionpack-4.1.1/lib/action_dispatch/middleware/templates/rescues/_request_and_response.html.erb (1.0ms)
  Rendered /home/ccuser/.gem/ruby/2.0.0/gems/actionpack-4.1.1/lib/action_dispatch/middleware/templates/rescues/diagnostics.erb within rescues/layout (13.8ms)


Started GET "/signups/new" for 86.9.202.223 at 2016-02-24 09:47:13 -0500

SyntaxError (/home/ccuser/workspace/learn-rails_stories/stories/app/controllers/signups_controller.rb:21: syntax error, unexpected end-of-input, expecting keyword_end):
  activesupport (4.1.1) lib/active_support/dependencies.rb:443:in `load'
  activesupport (4.1.1) lib/active_support/dependencies.rb:443:in `block in load_file'
  activesupport (4.1.1) lib/active_support/dependencies.rb:633:in `new_constants_in'
  activesupport (4.1.1) lib/active_support/dependencies.rb:442:in `load_file'
  activesupport (4.1.1) lib/active_support/dependencies.rb:342:in `require_or_load'
  activesupport (4.1.1) lib/active_support/dependencies.rb:480:in `load_missing_constant'
  activesupport (4.1.1) lib/active_support/dependencies.rb:180:in `const_missing'
  activesupport (4.1.1) lib/active_support/inflector/methods.rb:238:in `const_get'
  activesupport (4.1.1) lib/active_support/inflector/methods.rb:238:in `block in constantize'
  activesupport (4.1.1) lib/active_support/inflector/methods.rb:236:in `each'
  activesupport (4.1.1) lib/active_support/inflector/methods.rb:236:in `inject'
  activesupport (4.1.1) lib/active_support/inflector/methods.rb:236:in `constantize'
  activesupport (4.1.1) lib/active_support/dependencies.rb:552:in `get'
  activesupport (4.1.1) lib/active_support/dependencies.rb:583:in `constantize'
  actionpack (4.1.1) lib/action_dispatch/routing/route_set.rb:76:in `controller_reference'
  actionpack (4.1.1) lib/action_dispatch/routing/route_set.rb:66:in `controller'
  actionpack (4.1.1) lib/action_dispatch/routing/route_set.rb:44:in `call'
  actionpack (4.1.1) lib/action_dispatch/journey/router.rb:71:in `block in call'
  actionpack (4.1.1) lib/action_dispatch/journey/router.rb:59:in `each'
  actionpack (4.1.1) lib/action_dispatch/journey/router.rb:59:in `call'
  actionpack (4.1.1) lib/action_dispatch/routing/route_set.rb:676:in `call'
  rack (1.5.5) lib/rack/etag.rb:23:in `call'
  rack (1.5.5) lib/rack/conditionalget.rb:25:in `call'
  rack (1.5.5) lib/rack/head.rb:11:in `call'
  actionpack (4.1.1) lib/action_dispatch/middleware/params_parser.rb:27:in `call'
  actionpack (4.1.1) lib/action_dispatch/middleware/flash.rb:254:in `call'
  rack (1.5.5) lib/rack/session/abstract/id.rb:225:in `context'
  rack (1.5.5) lib/rack/session/abstract/id.rb:220:in `call'
  actionpack (4.1.1) lib/action_dispatch/middleware/cookies.rb:560:in `call'
  activerecord (4.1.1) lib/active_record/query_cache.rb:36:in `call'
  activerecord (4.1.1) lib/active_record/connection_adapters/abstract/connection_pool.rb:621:in `call'
  activerecord (4.1.1) lib/active_record/migration.rb:380:in `call'
  actionpack (4.1.1) lib/action_dispatch/middleware/callbacks.rb:29:in `block in call'
  activesupport (4.1.1) lib/active_support/callbacks.rb:82:in `run_callbacks'
  actionpack (4.1.1) lib/action_dispatch/middleware/callbacks.rb:27:in `call'
  actionpack (4.1.1) lib/action_dispatch/middleware/reloader.rb:73:in `call'
  actionpack (4.1.1) lib/action_dispatch/middleware/remote_ip.rb:76:in `call'
  actionpack (4.1.1) lib/action_dispatch/middleware/debug_exceptions.rb:17:in `call'
  actionpack (4.1.1) lib/action_dispatch/middleware/show_exceptions.rb:30:in `call'
  railties (4.1.1) lib/rails/rack/logger.rb:38:in `call_app'
  railties (4.1.1) lib/rails/rack/logger.rb:20:in `block in call'
  activesupport (4.1.1) lib/active_support/tagged_logging.rb:68:in `block in tagged'
  activesupport (4.1.1) lib/active_support/tagged_logging.rb:26:in `tagged'
  activesupport (4.1.1) lib/active_support/tagged_logging.rb:68:in `tagged'
  railties (4.1.1) lib/rails/rack/logger.rb:20:in `call'
  actionpack (4.1.1) lib/action_dispatch/middleware/request_id.rb:21:in `call'
  rack (1.5.5) lib/rack/methodoverride.rb:21:in `call'
  rack (1.5.5) lib/rack/runtime.rb:17:in `call'
  activesupport (4.1.1) lib/active_support/cache/strategy/local_cache_middleware.rb:26:in `call'
  rack (1.5.5) lib/rack/lock.rb:17:in `call'
  actionpack (4.1.1) lib/action_dispatch/middleware/static.rb:64:in `call'
  rack (1.5.5) lib/rack/sendfile.rb:112:in `call'
  railties (4.1.1) lib/rails/engine.rb:514:in `call'
  railties (4.1.1) lib/rails/application.rb:144:in `call'
  rack (1.5.5) lib/rack/lock.rb:17:in `call'
  rack (1.5.5) lib/rack/content_length.rb:14:in `call'
  rack (1.5.5) lib/rack/handler/webrick.rb:60:in `service'
  /usr/lib/ruby/2.0.0/webrick/httpserver.rb:138:in `service'
  /usr/lib/ruby/2.0.0/webrick/httpserver.rb:94:in `run'
  /usr/lib/ruby/2.0.0/webrick/server.rb:295:in `block in start_thread'


  Rendered /home/ccuser/.gem/ruby/2.0.0/gems/actionpack-4.1.1/lib/action_dispatch/middleware/templates/rescues/_source.erb (0.5ms)
  Rendered /home/ccuser/.gem/ruby/2.0.0/gems/actionpack-4.1.1/lib/action_dispatch/middleware/templates/rescues/_trace.html.erb (1.2ms)
  Rendered /home/ccuser/.gem/ruby/2.0.0/gems/actionpack-4.1.1/lib/action_dispatch/middleware/templates/rescues/_request_and_response.html.erb (1.3ms)
  Rendered /home/ccuser/.gem/ruby/2.0.0/gems/actionpack-4.1.1/lib/action_dispatch/middleware/templates/rescues/diagnostics.erb within rescues/layout (15.9ms)


Started GET "/signups/new" for 86.9.202.223 at 2016-02-24 09:47:28 -0500

SyntaxError (/home/ccuser/workspace/learn-rails_stories/stories/app/controllers/signups_controller.rb:21: syntax error, unexpected end-of-input, expecting keyword_end):
  activesupport (4.1.1) lib/active_support/dependencies.rb:443:in `load'
  activesupport (4.1.1) lib/active_support/dependencies.rb:443:in `block in load_file'
  activesupport (4.1.1) lib/active_support/dependencies.rb:633:in `new_constants_in'
  activesupport (4.1.1) lib/active_support/dependencies.rb:442:in `load_file'
  activesupport (4.1.1) lib/active_support/dependencies.rb:342:in `require_or_load'
  activesupport (4.1.1) lib/active_support/dependencies.rb:480:in `load_missing_constant'
  activesupport (4.1.1) lib/active_support/dependencies.rb:180:in `const_missing'
  activesupport (4.1.1) lib/active_support/inflector/methods.rb:238:in `const_get'
  activesupport (4.1.1) lib/active_support/inflector/methods.rb:238:in `block in constantize'
  activesupport (4.1.1) lib/active_support/inflector/methods.rb:236:in `each'
  activesupport (4.1.1) lib/active_support/inflector/methods.rb:236:in `inject'
  activesupport (4.1.1) lib/active_support/inflector/methods.rb:236:in `constantize'
  activesupport (4.1.1) lib/active_support/dependencies.rb:552:in `get'
  activesupport (4.1.1) lib/active_support/dependencies.rb:583:in `constantize'
  actionpack (4.1.1) lib/action_dispatch/routing/route_set.rb:76:in `controller_reference'
  actionpack (4.1.1) lib/action_dispatch/routing/route_set.rb:66:in `controller'
  actionpack (4.1.1) lib/action_dispatch/routing/route_set.rb:44:in `call'
  actionpack (4.1.1) lib/action_dispatch/journey/router.rb:71:in `block in call'
  actionpack (4.1.1) lib/action_dispatch/journey/router.rb:59:in `each'
  actionpack (4.1.1) lib/action_dispatch/journey/router.rb:59:in `call'
  actionpack (4.1.1) lib/action_dispatch/routing/route_set.rb:676:in `call'
  rack (1.5.5) lib/rack/etag.rb:23:in `call'
  rack (1.5.5) lib/rack/conditionalget.rb:25:in `call'
  rack (1.5.5) lib/rack/head.rb:11:in `call'
  actionpack (4.1.1) lib/action_dispatch/middleware/params_parser.rb:27:in `call'
  actionpack (4.1.1) lib/action_dispatch/middleware/flash.rb:254:in `call'
  rack (1.5.5) lib/rack/session/abstract/id.rb:225:in `context'
  rack (1.5.5) lib/rack/session/abstract/id.rb:220:in `call'
  actionpack (4.1.1) lib/action_dispatch/middleware/cookies.rb:560:in `call'
  activerecord (4.1.1) lib/active_record/query_cache.rb:36:in `call'
  activerecord (4.1.1) lib/active_record/connection_adapters/abstract/connection_pool.rb:621:in `call'
  activerecord (4.1.1) lib/active_record/migration.rb:380:in `call'
  actionpack (4.1.1) lib/action_dispatch/middleware/callbacks.rb:29:in `block in call'
  activesupport (4.1.1) lib/active_support/callbacks.rb:82:in `run_callbacks'
  actionpack (4.1.1) lib/action_dispatch/middleware/callbacks.rb:27:in `call'
  actionpack (4.1.1) lib/action_dispatch/middleware/reloader.rb:73:in `call'
  actionpack (4.1.1) lib/action_dispatch/middleware/remote_ip.rb:76:in `call'
  actionpack (4.1.1) lib/action_dispatch/middleware/debug_exceptions.rb:17:in `call'
  actionpack (4.1.1) lib/action_dispatch/middleware/show_exceptions.rb:30:in `call'
  railties (4.1.1) lib/rails/rack/logger.rb:38:in `call_app'
  railties (4.1.1) lib/rails/rack/logger.rb:20:in `block in call'
  activesupport (4.1.1) lib/active_support/tagged_logging.rb:68:in `block in tagged'
  activesupport (4.1.1) lib/active_support/tagged_logging.rb:26:in `tagged'
  activesupport (4.1.1) lib/active_support/tagged_logging.rb:68:in `tagged'
  railties (4.1.1) lib/rails/rack/logger.rb:20:in `call'
  actionpack (4.1.1) lib/action_dispatch/middleware/request_id.rb:21:in `call'
  rack (1.5.5) lib/rack/methodoverride.rb:21:in `call'
  rack (1.5.5) lib/rack/runtime.rb:17:in `call'
  activesupport (4.1.1) lib/active_support/cache/strategy/local_cache_middleware.rb:26:in `call'
  rack (1.5.5) lib/rack/lock.rb:17:in `call'
  actionpack (4.1.1) lib/action_dispatch/middleware/static.rb:64:in `call'
  rack (1.5.5) lib/rack/sendfile.rb:112:in `call'
  railties (4.1.1) lib/rails/engine.rb:514:in `call'
  railties (4.1.1) lib/rails/application.rb:144:in `call'
  rack (1.5.5) lib/rack/lock.rb:17:in `call'
  rack (1.5.5) lib/rack/content_length.rb:14:in `call'
  rack (1.5.5) lib/rack/handler/webrick.rb:60:in `service'
  /usr/lib/ruby/2.0.0/webrick/httpserver.rb:138:in `service'
  /usr/lib/ruby/2.0.0/webrick/httpserver.rb:94:in `run'
  /usr/lib/ruby/2.0.0/webrick/server.rb:295:in `block in start_thread'


  Rendered /home/ccuser/.gem/ruby/2.0.0/gems/actionpack-4.1.1/lib/action_dispatch/middleware/templates/rescues/_source.erb (0.5ms)
  Rendered /home/ccuser/.gem/ruby/2.0.0/gems/actionpack-4.1.1/lib/action_dispatch/middleware/templates/rescues/_trace.html.erb (1.0ms)
  Rendered /home/ccuser/.gem/ruby/2.0.0/gems/actionpack-4.1.1/lib/action_dispatch/middleware/templates/rescues/_request_and_response.html.erb (1.1ms)
  Rendered /home/ccuser/.gem/ruby/2.0.0/gems/actionpack-4.1.1/lib/action_dispatch/middleware/templates/rescues/diagnostics.erb within rescues/layout (14.7ms)


Started GET "/about" for 86.9.202.223 at 2016-02-24 09:52:05 -0500
  [1m[36mActiveRecord::SchemaMigration Load (0.1ms)[0m  [1mSELECT "schema_migrations".* FROM "schema_migrations"[0m
Processing by PagesController#about as HTML
  Rendered pages/about.html.erb within layouts/application (1.3ms)
Completed 200 OK in 122ms (Views: 113.9ms | ActiveRecord: 0.0ms)


Started GET "/assets/pages.css?body=1" for 86.9.202.223 at 2016-02-24 09:52:06 -0500


Started GET "/assets/signups.css?body=1" for 86.9.202.223 at 2016-02-24 09:52:06 -0500


Started GET "/assets/slidebars.css?body=1" for 86.9.202.223 at 2016-02-24 09:52:06 -0500


Started GET "/assets/application.css?body=1" for 86.9.202.223 at 2016-02-24 09:52:06 -0500


Started GET "/assets/jquery.js?body=1" for 86.9.202.223 at 2016-02-24 09:52:06 -0500


Started GET "/assets/jquery_ujs.js?body=1" for 86.9.202.223 at 2016-02-24 09:52:06 -0500


Started GET "/assets/signups.js?body=1" for 86.9.202.223 at 2016-02-24 09:52:06 -0500


Started GET "/assets/turbolinks.js?body=1" for 86.9.202.223 at 2016-02-24 09:52:06 -0500


Started GET "/assets/pages.js?body=1" for 86.9.202.223 at 2016-02-24 09:52:06 -0500


Started GET "/assets/slidebars.js?body=1" for 86.9.202.223 at 2016-02-24 09:52:06 -0500


Started GET "/assets/application.js?body=1" for 86.9.202.223 at 2016-02-24 09:52:06 -0500


Started GET "/signups/new" for 86.9.202.223 at 2016-02-24 09:52:11 -0500

SyntaxError (/home/ccuser/workspace/learn-rails_stories/stories/app/controllers/signups_controller.rb:21: syntax error, unexpected end-of-input, expecting keyword_end):
  activesupport (4.1.1) lib/active_support/dependencies.rb:443:in `load'
  activesupport (4.1.1) lib/active_support/dependencies.rb:443:in `block in load_file'
  activesupport (4.1.1) lib/active_support/dependencies.rb:633:in `new_constants_in'
  activesupport (4.1.1) lib/active_support/dependencies.rb:442:in `load_file'
  activesupport (4.1.1) lib/active_support/dependencies.rb:342:in `require_or_load'
  activesupport (4.1.1) lib/active_support/dependencies.rb:480:in `load_missing_constant'
  activesupport (4.1.1) lib/active_support/dependencies.rb:180:in `const_missing'
  activesupport (4.1.1) lib/active_support/inflector/methods.rb:238:in `const_get'
  activesupport (4.1.1) lib/active_support/inflector/methods.rb:238:in `block in constantize'
  activesupport (4.1.1) lib/active_support/inflector/methods.rb:236:in `each'
  activesupport (4.1.1) lib/active_support/inflector/methods.rb:236:in `inject'
  activesupport (4.1.1) lib/active_support/inflector/methods.rb:236:in `constantize'
  activesupport (4.1.1) lib/active_support/dependencies.rb:552:in `get'
  activesupport (4.1.1) lib/active_support/dependencies.rb:583:in `constantize'
  actionpack (4.1.1) lib/action_dispatch/routing/route_set.rb:76:in `controller_reference'
  actionpack (4.1.1) lib/action_dispatch/routing/route_set.rb:66:in `controller'
  actionpack (4.1.1) lib/action_dispatch/routing/route_set.rb:44:in `call'
  actionpack (4.1.1) lib/action_dispatch/journey/router.rb:71:in `block in call'
  actionpack (4.1.1) lib/action_dispatch/journey/router.rb:59:in `each'
  actionpack (4.1.1) lib/action_dispatch/journey/router.rb:59:in `call'
  actionpack (4.1.1) lib/action_dispatch/routing/route_set.rb:676:in `call'
  rack (1.5.5) lib/rack/etag.rb:23:in `call'
  rack (1.5.5) lib/rack/conditionalget.rb:25:in `call'
  rack (1.5.5) lib/rack/head.rb:11:in `call'
  actionpack (4.1.1) lib/action_dispatch/middleware/params_parser.rb:27:in `call'
  actionpack (4.1.1) lib/action_dispatch/middleware/flash.rb:254:in `call'
  rack (1.5.5) lib/rack/session/abstract/id.rb:225:in `context'
  rack (1.5.5) lib/rack/session/abstract/id.rb:220:in `call'
  actionpack (4.1.1) lib/action_dispatch/middleware/cookies.rb:560:in `call'
  activerecord (4.1.1) lib/active_record/query_cache.rb:36:in `call'
  activerecord (4.1.1) lib/active_record/connection_adapters/abstract/connection_pool.rb:621:in `call'
  activerecord (4.1.1) lib/active_record/migration.rb:380:in `call'
  actionpack (4.1.1) lib/action_dispatch/middleware/callbacks.rb:29:in `block in call'
  activesupport (4.1.1) lib/active_support/callbacks.rb:82:in `run_callbacks'
  actionpack (4.1.1) lib/action_dispatch/middleware/callbacks.rb:27:in `call'
  actionpack (4.1.1) lib/action_dispatch/middleware/reloader.rb:73:in `call'
  actionpack (4.1.1) lib/action_dispatch/middleware/remote_ip.rb:76:in `call'
  actionpack (4.1.1) lib/action_dispatch/middleware/debug_exceptions.rb:17:in `call'
  actionpack (4.1.1) lib/action_dispatch/middleware/show_exceptions.rb:30:in `call'
  railties (4.1.1) lib/rails/rack/logger.rb:38:in `call_app'
  railties (4.1.1) lib/rails/rack/logger.rb:20:in `block in call'
  activesupport (4.1.1) lib/active_support/tagged_logging.rb:68:in `block in tagged'
  activesupport (4.1.1) lib/active_support/tagged_logging.rb:26:in `tagged'
  activesupport (4.1.1) lib/active_support/tagged_logging.rb:68:in `tagged'
  railties (4.1.1) lib/rails/rack/logger.rb:20:in `call'
  actionpack (4.1.1) lib/action_dispatch/middleware/request_id.rb:21:in `call'
  rack (1.5.5) lib/rack/methodoverride.rb:21:in `call'
  rack (1.5.5) lib/rack/runtime.rb:17:in `call'
  activesupport (4.1.1) lib/active_support/cache/strategy/local_cache_middleware.rb:26:in `call'
  rack (1.5.5) lib/rack/lock.rb:17:in `call'
  actionpack (4.1.1) lib/action_dispatch/middleware/static.rb:64:in `call'
  rack (1.5.5) lib/rack/sendfile.rb:112:in `call'
  railties (4.1.1) lib/rails/engine.rb:514:in `call'
  railties (4.1.1) lib/rails/application.rb:144:in `call'
  rack (1.5.5) lib/rack/lock.rb:17:in `call'
  rack (1.5.5) lib/rack/content_length.rb:14:in `call'
  rack (1.5.5) lib/rack/handler/webrick.rb:60:in `service'
  /usr/lib/ruby/2.0.0/webrick/httpserver.rb:138:in `service'
  /usr/lib/ruby/2.0.0/webrick/httpserver.rb:94:in `run'
  /usr/lib/ruby/2.0.0/webrick/server.rb:295:in `block in start_thread'


  Rendered /home/ccuser/.gem/ruby/2.0.0/gems/actionpack-4.1.1/lib/action_dispatch/middleware/templates/rescues/_source.erb (0.5ms)
  Rendered /home/ccuser/.gem/ruby/2.0.0/gems/actionpack-4.1.1/lib/action_dispatch/middleware/templates/rescues/_trace.html.erb (1.1ms)
  Rendered /home/ccuser/.gem/ruby/2.0.0/gems/actionpack-4.1.1/lib/action_dispatch/middleware/templates/rescues/_request_and_response.html.erb (1.2ms)
  Rendered /home/ccuser/.gem/ruby/2.0.0/gems/actionpack-4.1.1/lib/action_dispatch/middleware/templates/rescues/diagnostics.erb within rescues/layout (15.0ms)


Started GET "/signups/new" for 86.9.202.223 at 2016-02-24 09:52:11 -0500

SyntaxError (/home/ccuser/workspace/learn-rails_stories/stories/app/controllers/signups_controller.rb:21: syntax error, unexpected end-of-input, expecting keyword_end):
  activesupport (4.1.1) lib/active_support/dependencies.rb:443:in `load'
  activesupport (4.1.1) lib/active_support/dependencies.rb:443:in `block in load_file'
  activesupport (4.1.1) lib/active_support/dependencies.rb:633:in `new_constants_in'
  activesupport (4.1.1) lib/active_support/dependencies.rb:442:in `load_file'
  activesupport (4.1.1) lib/active_support/dependencies.rb:342:in `require_or_load'
  activesupport (4.1.1) lib/active_support/dependencies.rb:480:in `load_missing_constant'
  activesupport (4.1.1) lib/active_support/dependencies.rb:180:in `const_missing'
  activesupport (4.1.1) lib/active_support/inflector/methods.rb:238:in `const_get'
  activesupport (4.1.1) lib/active_support/inflector/methods.rb:238:in `block in constantize'
  activesupport (4.1.1) lib/active_support/inflector/methods.rb:236:in `each'
  activesupport (4.1.1) lib/active_support/inflector/methods.rb:236:in `inject'
  activesupport (4.1.1) lib/active_support/inflector/methods.rb:236:in `constantize'
  activesupport (4.1.1) lib/active_support/dependencies.rb:552:in `get'
  activesupport (4.1.1) lib/active_support/dependencies.rb:583:in `constantize'
  actionpack (4.1.1) lib/action_dispatch/routing/route_set.rb:76:in `controller_reference'
  actionpack (4.1.1) lib/action_dispatch/routing/route_set.rb:66:in `controller'
  actionpack (4.1.1) lib/action_dispatch/routing/route_set.rb:44:in `call'
  actionpack (4.1.1) lib/action_dispatch/journey/router.rb:71:in `block in call'
  actionpack (4.1.1) lib/action_dispatch/journey/router.rb:59:in `each'
  actionpack (4.1.1) lib/action_dispatch/journey/router.rb:59:in `call'
  actionpack (4.1.1) lib/action_dispatch/routing/route_set.rb:676:in `call'
  rack (1.5.5) lib/rack/etag.rb:23:in `call'
  rack (1.5.5) lib/rack/conditionalget.rb:25:in `call'
  rack (1.5.5) lib/rack/head.rb:11:in `call'
  actionpack (4.1.1) lib/action_dispatch/middleware/params_parser.rb:27:in `call'
  actionpack (4.1.1) lib/action_dispatch/middleware/flash.rb:254:in `call'
  rack (1.5.5) lib/rack/session/abstract/id.rb:225:in `context'
  rack (1.5.5) lib/rack/session/abstract/id.rb:220:in `call'
  actionpack (4.1.1) lib/action_dispatch/middleware/cookies.rb:560:in `call'
  activerecord (4.1.1) lib/active_record/query_cache.rb:36:in `call'
  activerecord (4.1.1) lib/active_record/connection_adapters/abstract/connection_pool.rb:621:in `call'
  activerecord (4.1.1) lib/active_record/migration.rb:380:in `call'
  actionpack (4.1.1) lib/action_dispatch/middleware/callbacks.rb:29:in `block in call'
  activesupport (4.1.1) lib/active_support/callbacks.rb:82:in `run_callbacks'
  actionpack (4.1.1) lib/action_dispatch/middleware/callbacks.rb:27:in `call'
  actionpack (4.1.1) lib/action_dispatch/middleware/reloader.rb:73:in `call'
  actionpack (4.1.1) lib/action_dispatch/middleware/remote_ip.rb:76:in `call'
  actionpack (4.1.1) lib/action_dispatch/middleware/debug_exceptions.rb:17:in `call'
  actionpack (4.1.1) lib/action_dispatch/middleware/show_exceptions.rb:30:in `call'
  railties (4.1.1) lib/rails/rack/logger.rb:38:in `call_app'
  railties (4.1.1) lib/rails/rack/logger.rb:20:in `block in call'
  activesupport (4.1.1) lib/active_support/tagged_logging.rb:68:in `block in tagged'
  activesupport (4.1.1) lib/active_support/tagged_logging.rb:26:in `tagged'
  activesupport (4.1.1) lib/active_support/tagged_logging.rb:68:in `tagged'
  railties (4.1.1) lib/rails/rack/logger.rb:20:in `call'
  actionpack (4.1.1) lib/action_dispatch/middleware/request_id.rb:21:in `call'
  rack (1.5.5) lib/rack/methodoverride.rb:21:in `call'
  rack (1.5.5) lib/rack/runtime.rb:17:in `call'
  activesupport (4.1.1) lib/active_support/cache/strategy/local_cache_middleware.rb:26:in `call'
  rack (1.5.5) lib/rack/lock.rb:17:in `call'
  actionpack (4.1.1) lib/action_dispatch/middleware/static.rb:64:in `call'
  rack (1.5.5) lib/rack/sendfile.rb:112:in `call'
  railties (4.1.1) lib/rails/engine.rb:514:in `call'
  railties (4.1.1) lib/rails/application.rb:144:in `call'
  rack (1.5.5) lib/rack/lock.rb:17:in `call'
  rack (1.5.5) lib/rack/content_length.rb:14:in `call'
  rack (1.5.5) lib/rack/handler/webrick.rb:60:in `service'
  /usr/lib/ruby/2.0.0/webrick/httpserver.rb:138:in `service'
  /usr/lib/ruby/2.0.0/webrick/httpserver.rb:94:in `run'
  /usr/lib/ruby/2.0.0/webrick/server.rb:295:in `block in start_thread'


  Rendered /home/ccuser/.gem/ruby/2.0.0/gems/actionpack-4.1.1/lib/action_dispatch/middleware/templates/rescues/_source.erb (0.5ms)
  Rendered /home/ccuser/.gem/ruby/2.0.0/gems/actionpack-4.1.1/lib/action_dispatch/middleware/templates/rescues/_trace.html.erb (1.2ms)
  Rendered /home/ccuser/.gem/ruby/2.0.0/gems/actionpack-4.1.1/lib/action_dispatch/middleware/templates/rescues/_request_and_response.html.erb (1.2ms)
  Rendered /home/ccuser/.gem/ruby/2.0.0/gems/actionpack-4.1.1/lib/action_dispatch/middleware/templates/rescues/diagnostics.erb within rescues/layout (15.3ms)


Started GET "/signups/new" for 86.9.202.223 at 2016-02-24 09:52:48 -0500
Processing by SignupsController#new as HTML
  Rendered signups/new.html.erb within layouts/application (12.1ms)
Completed 200 OK in 94ms (Views: 90.8ms | ActiveRecord: 0.5ms)


Started GET "/assets/jquery.js?body=1" for 86.9.202.223 at 2016-02-24 09:52:48 -0500


Started GET "/assets/pages.css?body=1" for 86.9.202.223 at 2016-02-24 09:52:48 -0500


Started GET "/assets/slidebars.css?body=1" for 86.9.202.223 at 2016-02-24 09:52:48 -0500


Started GET "/assets/signups.css?body=1" for 86.9.202.223 at 2016-02-24 09:52:48 -0500


Started GET "/assets/jquery_ujs.js?body=1" for 86.9.202.223 at 2016-02-24 09:52:48 -0500


Started GET "/assets/application.css?body=1" for 86.9.202.223 at 2016-02-24 09:52:48 -0500


Started GET "/assets/pages.js?body=1" for 86.9.202.223 at 2016-02-24 09:52:48 -0500


Started GET "/assets/turbolinks.js?body=1" for 86.9.202.223 at 2016-02-24 09:52:48 -0500


Started GET "/assets/signups.js?body=1" for 86.9.202.223 at 2016-02-24 09:52:48 -0500


Started GET "/assets/application.js?body=1" for 86.9.202.223 at 2016-02-24 09:52:48 -0500


Started GET "/assets/slidebars.js?body=1" for 86.9.202.223 at 2016-02-24 09:52:48 -0500


Started GET "/about" for 86.9.202.223 at 2016-02-24 09:52:53 -0500
Processing by PagesController#about as HTML
  Rendered pages/about.html.erb within layouts/application (0.7ms)
Completed 200 OK in 48ms (Views: 47.4ms | ActiveRecord: 0.0ms)


Started GET "/assets/application.css?body=1" for 86.9.202.223 at 2016-02-24 09:52:53 -0500


Started GET "/assets/jquery.js?body=1" for 86.9.202.223 at 2016-02-24 09:52:53 -0500


Started GET "/assets/pages.css?body=1" for 86.9.202.223 at 2016-02-24 09:52:53 -0500


Started GET "/assets/jquery_ujs.js?body=1" for 86.9.202.223 at 2016-02-24 09:52:53 -0500


Started GET "/assets/signups.css?body=1" for 86.9.202.223 at 2016-02-24 09:52:53 -0500


Started GET "/assets/slidebars.css?body=1" for 86.9.202.223 at 2016-02-24 09:52:53 -0500


Started GET "/assets/turbolinks.js?body=1" for 86.9.202.223 at 2016-02-24 09:52:54 -0500


Started GET "/assets/pages.js?body=1" for 86.9.202.223 at 2016-02-24 09:52:54 -0500


Started GET "/assets/slidebars.js?body=1" for 86.9.202.223 at 2016-02-24 09:52:54 -0500


Started GET "/assets/signups.js?body=1" for 86.9.202.223 at 2016-02-24 09:52:54 -0500


Started GET "/assets/application.js?body=1" for 86.9.202.223 at 2016-02-24 09:52:54 -0500


Started GET "/signups/new" for 86.9.202.223 at 2016-02-24 09:52:55 -0500
Processing by SignupsController#new as HTML
  Rendered signups/new.html.erb within layouts/application (2.0ms)
Completed 200 OK in 86ms (Views: 85.7ms | ActiveRecord: 0.0ms)


Started GET "/assets/jquery.js?body=1" for 86.9.202.223 at 2016-02-24 09:52:55 -0500


Started GET "/assets/signups.js?body=1" for 86.9.202.223 at 2016-02-24 09:52:55 -0500


Started GET "/assets/pages.js?body=1" for 86.9.202.223 at 2016-02-24 09:52:55 -0500


Started GET "/assets/turbolinks.js?body=1" for 86.9.202.223 at 2016-02-24 09:52:55 -0500


Started GET "/assets/jquery_ujs.js?body=1" for 86.9.202.223 at 2016-02-24 09:52:55 -0500


Started GET "/assets/slidebars.js?body=1" for 86.9.202.223 at 2016-02-24 09:52:55 -0500


Started GET "/assets/application.js?body=1" for 86.9.202.223 at 2016-02-24 09:52:55 -0500


Started POST "/signups" for 86.9.202.223 at 2016-02-24 09:52:57 -0500
Processing by SignupsController#create as HTML
  Parameters: {"utf8"=>"✓", "authenticity_token"=>"kp7S+gg9g1JGBEcsoF5aMCDmAxelGGLxMASIUlUaEXU=", "signup"=>{"firstname"=>"", "email"=>""}, "commit"=>"Signup"}
  [1m[35m (0.2ms)[0m  begin transaction
  [1m[36mSQL (1.4ms)[0m  [1mINSERT INTO "signups" ("created_at", "email", "firstname", "updated_at") VALUES (?, ?, ?, ?)[0m  [["created_at", "2016-02-24 14:52:57.231986"], ["email", ""], ["firstname", ""], ["updated_at", "2016-02-24 14:52:57.231986"]]
  [1m[35m (3.0ms)[0m  commit transaction
Redirected to https://localhost:8080/thanks
Completed 302 Found in 11ms (ActiveRecord: 4.6ms)


Started GET "/thanks" for 86.9.202.223 at 2016-02-24 09:52:57 -0500

AbstractController::ActionNotFound (The action 'thank' could not be found for PagesController):
  actionpack (4.1.1) lib/abstract_controller/base.rb:131:in `process'
  actionview (4.1.1) lib/action_view/rendering.rb:30:in `process'
  actionpack (4.1.1) lib/action_controller/metal.rb:195:in `dispatch'
  actionpack (4.1.1) lib/action_controller/metal/rack_delegation.rb:13:in `dispatch'
  actionpack (4.1.1) lib/action_controller/metal.rb:231:in `block in action'
  actionpack (4.1.1) lib/action_dispatch/routing/route_set.rb:80:in `call'
  actionpack (4.1.1) lib/action_dispatch/routing/route_set.rb:80:in `dispatch'
  actionpack (4.1.1) lib/action_dispatch/routing/route_set.rb:48:in `call'
  actionpack (4.1.1) lib/action_dispatch/journey/router.rb:71:in `block in call'
  actionpack (4.1.1) lib/action_dispatch/journey/router.rb:59:in `each'
  actionpack (4.1.1) lib/action_dispatch/journey/router.rb:59:in `call'
  actionpack (4.1.1) lib/action_dispatch/routing/route_set.rb:676:in `call'
  rack (1.5.5) lib/rack/etag.rb:23:in `call'
  rack (1.5.5) lib/rack/conditionalget.rb:25:in `call'
  rack (1.5.5) lib/rack/head.rb:11:in `call'
  actionpack (4.1.1) lib/action_dispatch/middleware/params_parser.rb:27:in `call'
  actionpack (4.1.1) lib/action_dispatch/middleware/flash.rb:254:in `call'
  rack (1.5.5) lib/rack/session/abstract/id.rb:225:in `context'
  rack (1.5.5) lib/rack/session/abstract/id.rb:220:in `call'
  actionpack (4.1.1) lib/action_dispatch/middleware/cookies.rb:560:in `call'
  activerecord (4.1.1) lib/active_record/query_cache.rb:36:in `call'
  activerecord (4.1.1) lib/active_record/connection_adapters/abstract/connection_pool.rb:621:in `call'
  activerecord (4.1.1) lib/active_record/migration.rb:380:in `call'
  actionpack (4.1.1) lib/action_dispatch/middleware/callbacks.rb:29:in `block in call'
  activesupport (4.1.1) lib/active_support/callbacks.rb:82:in `run_callbacks'
  actionpack (4.1.1) lib/action_dispatch/middleware/callbacks.rb:27:in `call'
  actionpack (4.1.1) lib/action_dispatch/middleware/reloader.rb:73:in `call'
  actionpack (4.1.1) lib/action_dispatch/middleware/remote_ip.rb:76:in `call'
  actionpack (4.1.1) lib/action_dispatch/middleware/debug_exceptions.rb:17:in `call'
  actionpack (4.1.1) lib/action_dispatch/middleware/show_exceptions.rb:30:in `call'
  railties (4.1.1) lib/rails/rack/logger.rb:38:in `call_app'
  railties (4.1.1) lib/rails/rack/logger.rb:20:in `block in call'
  activesupport (4.1.1) lib/active_support/tagged_logging.rb:68:in `block in tagged'
  activesupport (4.1.1) lib/active_support/tagged_logging.rb:26:in `tagged'
  activesupport (4.1.1) lib/active_support/tagged_logging.rb:68:in `tagged'
  railties (4.1.1) lib/rails/rack/logger.rb:20:in `call'
  actionpack (4.1.1) lib/action_dispatch/middleware/request_id.rb:21:in `call'
  rack (1.5.5) lib/rack/methodoverride.rb:21:in `call'
  rack (1.5.5) lib/rack/runtime.rb:17:in `call'
  activesupport (4.1.1) lib/active_support/cache/strategy/local_cache_middleware.rb:26:in `call'
  rack (1.5.5) lib/rack/lock.rb:17:in `call'
  actionpack (4.1.1) lib/action_dispatch/middleware/static.rb:64:in `call'
  rack (1.5.5) lib/rack/sendfile.rb:112:in `call'
  railties (4.1.1) lib/rails/engine.rb:514:in `call'
  railties (4.1.1) lib/rails/application.rb:144:in `call'
  rack (1.5.5) lib/rack/lock.rb:17:in `call'
  rack (1.5.5) lib/rack/content_length.rb:14:in `call'
  rack (1.5.5) lib/rack/handler/webrick.rb:60:in `service'
  /usr/lib/ruby/2.0.0/webrick/httpserver.rb:138:in `service'
  /usr/lib/ruby/2.0.0/webrick/httpserver.rb:94:in `run'
  /usr/lib/ruby/2.0.0/webrick/server.rb:295:in `block in start_thread'


  Rendered /home/ccuser/.gem/ruby/2.0.0/gems/actionpack-4.1.1/lib/action_dispatch/middleware/templates/rescues/unknown_action.html.erb within rescues/layout (0.7ms)


Started GET "/signups/new" for 86.9.202.223 at 2016-02-24 09:53:02 -0500
Processing by SignupsController#new as HTML
  Rendered signups/new.html.erb within layouts/application (1.5ms)
Completed 200 OK in 48ms (Views: 47.0ms | ActiveRecord: 0.0ms)


Started GET "/assets/pages.css?body=1" for 86.9.202.223 at 2016-02-24 09:53:03 -0500


Started GET "/assets/jquery.js?body=1" for 86.9.202.223 at 2016-02-24 09:53:03 -0500


Started GET "/assets/jquery_ujs.js?body=1" for 86.9.202.223 at 2016-02-24 09:53:03 -0500


Started GET "/assets/signups.css?body=1" for 86.9.202.223 at 2016-02-24 09:53:03 -0500


Started GET "/assets/slidebars.css?body=1" for 86.9.202.223 at 2016-02-24 09:53:03 -0500


Started GET "/assets/application.css?body=1" for 86.9.202.223 at 2016-02-24 09:53:03 -0500


Started GET "/assets/turbolinks.js?body=1" for 86.9.202.223 at 2016-02-24 09:53:03 -0500


Started GET "/assets/pages.js?body=1" for 86.9.202.223 at 2016-02-24 09:53:03 -0500


Started GET "/assets/signups.js?body=1" for 86.9.202.223 at 2016-02-24 09:53:03 -0500


Started GET "/assets/slidebars.js?body=1" for 86.9.202.223 at 2016-02-24 09:53:03 -0500


Started GET "/assets/application.js?body=1" for 86.9.202.223 at 2016-02-24 09:53:03 -0500


Started GET "/signups/new" for 86.9.202.223 at 2016-02-24 09:53:21 -0500
Processing by SignupsController#new as HTML
  Rendered signups/new.html.erb within layouts/application (6.3ms)
Completed 200 OK in 60ms (Views: 56.6ms | ActiveRecord: 0.7ms)


Started GET "/assets/slidebars.css?body=1" for 86.9.202.223 at 2016-02-24 09:53:21 -0500


Started GET "/assets/application.css?body=1" for 86.9.202.223 at 2016-02-24 09:53:21 -0500


Started GET "/assets/signups.css?body=1" for 86.9.202.223 at 2016-02-24 09:53:21 -0500


Started GET "/assets/pages.css?body=1" for 86.9.202.223 at 2016-02-24 09:53:21 -0500


Started GET "/assets/jquery_ujs.js?body=1" for 86.9.202.223 at 2016-02-24 09:53:21 -0500


Started GET "/assets/jquery.js?body=1" for 86.9.202.223 at 2016-02-24 09:53:21 -0500


Started GET "/assets/turbolinks.js?body=1" for 86.9.202.223 at 2016-02-24 09:53:21 -0500


Started GET "/assets/pages.js?body=1" for 86.9.202.223 at 2016-02-24 09:53:21 -0500


Started GET "/assets/signups.js?body=1" for 86.9.202.223 at 2016-02-24 09:53:21 -0500


Started GET "/assets/application.js?body=1" for 86.9.202.223 at 2016-02-24 09:53:21 -0500


Started GET "/assets/slidebars.js?body=1" for 86.9.202.223 at 2016-02-24 09:53:21 -0500


Started POST "/signups" for 86.9.202.223 at 2016-02-24 09:53:25 -0500
Processing by SignupsController#create as HTML
  Parameters: {"utf8"=>"✓", "authenticity_token"=>"kp7S+gg9g1JGBEcsoF5aMCDmAxelGGLxMASIUlUaEXU=", "signup"=>{"firstname"=>"", "email"=>""}, "commit"=>"Signup"}
  [1m[36m (0.2ms)[0m  [1mbegin transaction[0m
  [1m[35mSQL (1.0ms)[0m  INSERT INTO "signups" ("created_at", "email", "firstname", "updated_at") VALUES (?, ?, ?, ?)  [["created_at", "2016-02-24 14:53:25.982881"], ["email", ""], ["firstname", ""], ["updated_at", "2016-02-24 14:53:25.982881"]]
  [1m[36m (2.7ms)[0m  [1mcommit transaction[0m
Redirected to https://localhost:8080/thanks
Completed 302 Found in 7ms (ActiveRecord: 3.8ms)


Started GET "/thanks" for 86.9.202.223 at 2016-02-24 09:53:26 -0500

AbstractController::ActionNotFound (The action 'thank' could not be found for SignupsController):
  actionpack (4.1.1) lib/abstract_controller/base.rb:131:in `process'
  actionview (4.1.1) lib/action_view/rendering.rb:30:in `process'
  actionpack (4.1.1) lib/action_controller/metal.rb:195:in `dispatch'
  actionpack (4.1.1) lib/action_controller/metal/rack_delegation.rb:13:in `dispatch'
  actionpack (4.1.1) lib/action_controller/metal.rb:231:in `block in action'
  actionpack (4.1.1) lib/action_dispatch/routing/route_set.rb:80:in `call'
  actionpack (4.1.1) lib/action_dispatch/routing/route_set.rb:80:in `dispatch'
  actionpack (4.1.1) lib/action_dispatch/routing/route_set.rb:48:in `call'
  actionpack (4.1.1) lib/action_dispatch/journey/router.rb:71:in `block in call'
  actionpack (4.1.1) lib/action_dispatch/journey/router.rb:59:in `each'
  actionpack (4.1.1) lib/action_dispatch/journey/router.rb:59:in `call'
  actionpack (4.1.1) lib/action_dispatch/routing/route_set.rb:676:in `call'
  rack (1.5.5) lib/rack/etag.rb:23:in `call'
  rack (1.5.5) lib/rack/conditionalget.rb:25:in `call'
  rack (1.5.5) lib/rack/head.rb:11:in `call'
  actionpack (4.1.1) lib/action_dispatch/middleware/params_parser.rb:27:in `call'
  actionpack (4.1.1) lib/action_dispatch/middleware/flash.rb:254:in `call'
  rack (1.5.5) lib/rack/session/abstract/id.rb:225:in `context'
  rack (1.5.5) lib/rack/session/abstract/id.rb:220:in `call'
  actionpack (4.1.1) lib/action_dispatch/middleware/cookies.rb:560:in `call'
  activerecord (4.1.1) lib/active_record/query_cache.rb:36:in `call'
  activerecord (4.1.1) lib/active_record/connection_adapters/abstract/connection_pool.rb:621:in `call'
  activerecord (4.1.1) lib/active_record/migration.rb:380:in `call'
  actionpack (4.1.1) lib/action_dispatch/middleware/callbacks.rb:29:in `block in call'
  activesupport (4.1.1) lib/active_support/callbacks.rb:82:in `run_callbacks'
  actionpack (4.1.1) lib/action_dispatch/middleware/callbacks.rb:27:in `call'
  actionpack (4.1.1) lib/action_dispatch/middleware/reloader.rb:73:in `call'
  actionpack (4.1.1) lib/action_dispatch/middleware/remote_ip.rb:76:in `call'
  actionpack (4.1.1) lib/action_dispatch/middleware/debug_exceptions.rb:17:in `call'
  actionpack (4.1.1) lib/action_dispatch/middleware/show_exceptions.rb:30:in `call'
  railties (4.1.1) lib/rails/rack/logger.rb:38:in `call_app'
  railties (4.1.1) lib/rails/rack/logger.rb:20:in `block in call'
  activesupport (4.1.1) lib/active_support/tagged_logging.rb:68:in `block in tagged'
  activesupport (4.1.1) lib/active_support/tagged_logging.rb:26:in `tagged'
  activesupport (4.1.1) lib/active_support/tagged_logging.rb:68:in `tagged'
  railties (4.1.1) lib/rails/rack/logger.rb:20:in `call'
  actionpack (4.1.1) lib/action_dispatch/middleware/request_id.rb:21:in `call'
  rack (1.5.5) lib/rack/methodoverride.rb:21:in `call'
  rack (1.5.5) lib/rack/runtime.rb:17:in `call'
  activesupport (4.1.1) lib/active_support/cache/strategy/local_cache_middleware.rb:26:in `call'
  rack (1.5.5) lib/rack/lock.rb:17:in `call'
  actionpack (4.1.1) lib/action_dispatch/middleware/static.rb:64:in `call'
  rack (1.5.5) lib/rack/sendfile.rb:112:in `call'
  railties (4.1.1) lib/rails/engine.rb:514:in `call'
  railties (4.1.1) lib/rails/application.rb:144:in `call'
  rack (1.5.5) lib/rack/lock.rb:17:in `call'
  rack (1.5.5) lib/rack/content_length.rb:14:in `call'
  rack (1.5.5) lib/rack/handler/webrick.rb:60:in `service'
  /usr/lib/ruby/2.0.0/webrick/httpserver.rb:138:in `service'
  /usr/lib/ruby/2.0.0/webrick/httpserver.rb:94:in `run'
  /usr/lib/ruby/2.0.0/webrick/server.rb:295:in `block in start_thread'


  Rendered /home/ccuser/.gem/ruby/2.0.0/gems/actionpack-4.1.1/lib/action_dispatch/middleware/templates/rescues/unknown_action.html.erb within rescues/layout (0.4ms)


Started GET "/signups/new" for 86.9.202.223 at 2016-02-24 09:53:28 -0500
Processing by SignupsController#new as HTML
  Rendered signups/new.html.erb within layouts/application (1.4ms)
Completed 200 OK in 83ms (Views: 82.5ms | ActiveRecord: 0.0ms)


Started GET "/assets/application.css?body=1" for 86.9.202.223 at 2016-02-24 09:53:28 -0500


Started GET "/assets/signups.css?body=1" for 86.9.202.223 at 2016-02-24 09:53:28 -0500


Started GET "/assets/slidebars.css?body=1" for 86.9.202.223 at 2016-02-24 09:53:28 -0500


Started GET "/assets/pages.css?body=1" for 86.9.202.223 at 2016-02-24 09:53:28 -0500


Started GET "/assets/jquery.js?body=1" for 86.9.202.223 at 2016-02-24 09:53:28 -0500


Started GET "/assets/jquery_ujs.js?body=1" for 86.9.202.223 at 2016-02-24 09:53:28 -0500


Started GET "/assets/turbolinks.js?body=1" for 86.9.202.223 at 2016-02-24 09:53:29 -0500


Started GET "/assets/signups.js?body=1" for 86.9.202.223 at 2016-02-24 09:53:29 -0500


Started GET "/assets/pages.js?body=1" for 86.9.202.223 at 2016-02-24 09:53:29 -0500


Started GET "/assets/application.js?body=1" for 86.9.202.223 at 2016-02-24 09:53:29 -0500


Started GET "/assets/slidebars.js?body=1" for 86.9.202.223 at 2016-02-24 09:53:29 -0500


Started GET "/signups/new" for 86.9.202.223 at 2016-02-24 09:53:50 -0500
Processing by SignupsController#new as HTML
  Rendered signups/new.html.erb within layouts/application (5.2ms)
Completed 200 OK in 55ms (Views: 52.2ms | ActiveRecord: 0.5ms)


Started GET "/assets/signups.css?body=1" for 86.9.202.223 at 2016-02-24 09:53:50 -0500


Started GET "/assets/application.css?body=1" for 86.9.202.223 at 2016-02-24 09:53:50 -0500


Started GET "/assets/slidebars.css?body=1" for 86.9.202.223 at 2016-02-24 09:53:50 -0500


Started GET "/assets/jquery.js?body=1" for 86.9.202.223 at 2016-02-24 09:53:50 -0500


Started GET "/assets/jquery_ujs.js?body=1" for 86.9.202.223 at 2016-02-24 09:53:50 -0500


Started GET "/assets/pages.css?body=1" for 86.9.202.223 at 2016-02-24 09:53:50 -0500


Started GET "/assets/turbolinks.js?body=1" for 86.9.202.223 at 2016-02-24 09:53:50 -0500


Started GET "/assets/pages.js?body=1" for 86.9.202.223 at 2016-02-24 09:53:50 -0500


Started GET "/assets/application.js?body=1" for 86.9.202.223 at 2016-02-24 09:53:50 -0500


Started GET "/assets/signups.js?body=1" for 86.9.202.223 at 2016-02-24 09:53:50 -0500


Started GET "/assets/slidebars.js?body=1" for 86.9.202.223 at 2016-02-24 09:53:50 -0500


Started POST "/signups" for 86.9.202.223 at 2016-02-24 09:53:52 -0500
Processing by SignupsController#create as HTML
  Parameters: {"utf8"=>"✓", "authenticity_token"=>"kp7S+gg9g1JGBEcsoF5aMCDmAxelGGLxMASIUlUaEXU=", "signup"=>{"firstname"=>"", "email"=>""}, "commit"=>"Signup"}
  [1m[35m (0.1ms)[0m  begin transaction
  [1m[36mSQL (1.5ms)[0m  [1mINSERT INTO "signups" ("created_at", "email", "firstname", "updated_at") VALUES (?, ?, ?, ?)[0m  [["created_at", "2016-02-24 14:53:52.496998"], ["email", ""], ["firstname", ""], ["updated_at", "2016-02-24 14:53:52.496998"]]
  [1m[35m (3.2ms)[0m  commit transaction
Redirected to https://localhost:8080/thanks
Completed 302 Found in 8ms (ActiveRecord: 4.8ms)


Started GET "/thanks" for 86.9.202.223 at 2016-02-24 09:53:52 -0500
Processing by SignupsController#thanks as HTML
  Rendered signups/thanks.html.erb within layouts/application (0.4ms)
Completed 200 OK in 79ms (Views: 78.8ms | ActiveRecord: 0.0ms)


Started GET "/assets/pages.css?body=1" for 86.9.202.223 at 2016-02-24 09:53:53 -0500


Started GET "/assets/slidebars.css?body=1" for 86.9.202.223 at 2016-02-24 09:53:53 -0500


Started GET "/assets/signups.css?body=1" for 86.9.202.223 at 2016-02-24 09:53:53 -0500


Started GET "/assets/jquery.js?body=1" for 86.9.202.223 at 2016-02-24 09:53:53 -0500


Started GET "/assets/application.css?body=1" for 86.9.202.223 at 2016-02-24 09:53:53 -0500


Started GET "/assets/jquery_ujs.js?body=1" for 86.9.202.223 at 2016-02-24 09:53:53 -0500


Started GET "/assets/pages.js?body=1" for 86.9.202.223 at 2016-02-24 09:53:53 -0500


Started GET "/assets/turbolinks.js?body=1" for 86.9.202.223 at 2016-02-24 09:53:53 -0500


Started GET "/assets/slidebars.js?body=1" for 86.9.202.223 at 2016-02-24 09:53:53 -0500


Started GET "/assets/signups.js?body=1" for 86.9.202.223 at 2016-02-24 09:53:53 -0500


Started GET "/assets/application.js?body=1" for 86.9.202.223 at 2016-02-24 09:53:53 -0500


Started GET "/signups/new" for 86.9.202.223 at 2016-02-24 09:53:56 -0500
Processing by SignupsController#new as HTML
  Rendered signups/new.html.erb within layouts/application (1.6ms)
Completed 200 OK in 51ms (Views: 50.1ms | ActiveRecord: 0.0ms)


Started GET "/assets/slidebars.css?body=1" for 86.9.202.223 at 2016-02-24 09:53:56 -0500


Started GET "/assets/signups.css?body=1" for 86.9.202.223 at 2016-02-24 09:53:56 -0500


Started GET "/assets/application.css?body=1" for 86.9.202.223 at 2016-02-24 09:53:56 -0500


Started GET "/assets/jquery.js?body=1" for 86.9.202.223 at 2016-02-24 09:53:56 -0500


Started GET "/assets/pages.css?body=1" for 86.9.202.223 at 2016-02-24 09:53:56 -0500


Started GET "/assets/jquery_ujs.js?body=1" for 86.9.202.223 at 2016-02-24 09:53:56 -0500


Started GET "/assets/turbolinks.js?body=1" for 86.9.202.223 at 2016-02-24 09:53:56 -0500


Started GET "/assets/pages.js?body=1" for 86.9.202.223 at 2016-02-24 09:53:56 -0500


Started GET "/assets/slidebars.js?body=1" for 86.9.202.223 at 2016-02-24 09:53:56 -0500


Started GET "/assets/signups.js?body=1" for 86.9.202.223 at 2016-02-24 09:53:56 -0500


Started GET "/assets/application.js?body=1" for 86.9.202.223 at 2016-02-24 09:53:56 -0500


Started POST "/signups" for 86.9.202.223 at 2016-02-24 09:54:34 -0500
Processing by SignupsController#create as HTML
  Parameters: {"utf8"=>"✓", "authenticity_token"=>"kp7S+gg9g1JGBEcsoF5aMCDmAxelGGLxMASIUlUaEXU=", "signup"=>{"firstname"=>"Neil", "email"=>"llkjlkj@ggg.com"}, "commit"=>"Signup"}
  [1m[36m (0.1ms)[0m  [1mbegin transaction[0m
  [1m[35mSQL (1.3ms)[0m  INSERT INTO "signups" ("created_at", "email", "firstname", "updated_at") VALUES (?, ?, ?, ?)  [["created_at", "2016-02-24 14:54:34.631397"], ["email", "llkjlkj@ggg.com"], ["firstname", "Neil"], ["updated_at", "2016-02-24 14:54:34.631397"]]
  [1m[36m (3.2ms)[0m  [1mcommit transaction[0m
Redirected to https://localhost:8080/thanks
Completed 302 Found in 8ms (ActiveRecord: 4.6ms)


Started GET "/thanks" for 86.9.202.223 at 2016-02-24 09:54:34 -0500
Processing by SignupsController#thanks as HTML
  Rendered signups/thanks.html.erb within layouts/application (0.1ms)
Completed 200 OK in 91ms (Views: 90.0ms | ActiveRecord: 0.0ms)


Started GET "/assets/slidebars.css?body=1" for 86.9.202.223 at 2016-02-24 09:54:35 -0500


Started GET "/assets/pages.css?body=1" for 86.9.202.223 at 2016-02-24 09:54:35 -0500


Started GET "/assets/jquery.js?body=1" for 86.9.202.223 at 2016-02-24 09:54:35 -0500


Started GET "/assets/signups.css?body=1" for 86.9.202.223 at 2016-02-24 09:54:35 -0500


Started GET "/assets/jquery_ujs.js?body=1" for 86.9.202.223 at 2016-02-24 09:54:35 -0500


Started GET "/assets/application.css?body=1" for 86.9.202.223 at 2016-02-24 09:54:35 -0500


Started GET "/assets/turbolinks.js?body=1" for 86.9.202.223 at 2016-02-24 09:54:35 -0500


Started GET "/assets/signups.js?body=1" for 86.9.202.223 at 2016-02-24 09:54:35 -0500


Started GET "/assets/pages.js?body=1" for 86.9.202.223 at 2016-02-24 09:54:35 -0500


Started GET "/assets/application.js?body=1" for 86.9.202.223 at 2016-02-24 09:54:35 -0500


Started GET "/assets/slidebars.js?body=1" for 86.9.202.223 at 2016-02-24 09:54:35 -0500
  [1m[36mSignup Load (1.7ms)[0m  [1mSELECT "signups".* FROM "signups"[0m
